<?xml version="1.0" encoding="UTF-8"?>
<!-- Generated by org.testng.reporters.JUnitXMLReporter -->
<testsuite ignored="0" hostname="Keshavs-MacBook-Air.local" failures="0" tests="14" name="Test" time="51.271" errors="0" timestamp="2025-07-15T22:29:13 IST">
  <testcase classname="com.tutorialsninja.qa.testcases.Register" name="VerifyRegisteringAnAccountWithMandatoryFields" time="3.312"/>
  <testcase classname="com.tutorialsninja.qa.testcases.Register" name="VerifyRegisteringAnAccountWithAllFields" time="0.873"/>
  <testcase classname="com.tutorialsninja.qa.testcases.Register" name="VerifyRegisteringAnAccountWithExistingEmailAddress" time="0.744"/>
  <testcase classname="com.tutorialsninja.qa.testcases.Register" name="VerifyRegisteringAnAccountWithoutFillingAnyDetails" time="0.515"/>
  <testcase classname="com.tutorialsninja.qa.testcases.Search" name="verifySearchWithValidProduct" time="0.435"/>
  <testcase classname="com.tutorialsninja.qa.testcases.Search" name="vrifySearchWithInvalidProduct" time="0.237"/>
  <testcase classname="com.tutorialsninja.qa.testcases.Search" name="vrifySearchWitoutAnyProduct" time="0.178"/>
  <testcase classname="com.tutorialsninja.qa.testcases.Login" name="verifyLoginWithValidCredentials" time="1.768"/>
  <testcase classname="com.tutorialsninja.qa.testcases.Login" name="verifyLoginWithValidCredentials" time="0.719"/>
  <testcase classname="com.tutorialsninja.qa.testcases.Login" name="verifyLoginWithValidCredentials" time="2.579"/>
  <testcase classname="com.tutorialsninja.qa.testcases.Login" name="verifyLoginWithInvalidCredentials" time="2.612"/>
  <testcase classname="com.tutorialsninja.qa.testcases.Login" name="verifyLoginWithInvalidEmailAndValidPassword" time="3.085"/>
  <testcase classname="com.tutorialsninja.qa.testcases.Login" name="verifyLoginWithValidEmailAndInalidPassword" time="0.607"/>
  <testcase classname="com.tutorialsninja.qa.testcases.Login" name="verifyLoginWithoutProvidingCredentials" time="2.845"/>
</testsuite> <!-- Test -->
