<?xml version="1.0" encoding="UTF-8"?>
<testng-results ignored="0" total="14" passed="14" failed="0" skipped="0">
  <reporter-output>
  </reporter-output>
  <suite started-at="2025-07-15T22:28:22 IST" name="Suite" finished-at="2025-07-15T22:29:13 IST" duration-ms="51271">
    <groups>
    </groups>
    <test started-at="2025-07-15T22:28:22 IST" name="Test" finished-at="2025-07-15T22:29:13 IST" duration-ms="51271">
      <class name="com.tutorialsninja.qa.testcases.Search">
        <test-method is-config="true" signature="setup()[pri:0, instance:com.tutorialsninja.qa.testcases.Search@327514f]" started-at="2025-07-15T22:28:38 IST" name="setup" finished-at="2025-07-15T22:28:40 IST" duration-ms="2165" status="PASS">
          <reporter-output>
          </reporter-output>
        </test-method> <!-- setup -->
        <test-method signature="verifySearchWithValidProduct()[pri:1, instance:com.tutorialsninja.qa.testcases.Search@327514f]" started-at="2025-07-15T22:28:40 IST" name="verifySearchWithValidProduct" finished-at="2025-07-15T22:28:40 IST" duration-ms="435" status="PASS">
          <reporter-output>
          </reporter-output>
        </test-method> <!-- verifySearchWithValidProduct -->
        <test-method is-config="true" signature="tearDown()[pri:0, instance:com.tutorialsninja.qa.testcases.Search@327514f]" started-at="2025-07-15T22:28:40 IST" name="tearDown" finished-at="2025-07-15T22:28:41 IST" duration-ms="82" status="PASS">
          <reporter-output>
          </reporter-output>
        </test-method> <!-- tearDown -->
        <test-method is-config="true" signature="setup()[pri:0, instance:com.tutorialsninja.qa.testcases.Search@327514f]" started-at="2025-07-15T22:28:41 IST" name="setup" finished-at="2025-07-15T22:28:42 IST" duration-ms="1645" status="PASS">
          <reporter-output>
          </reporter-output>
        </test-method> <!-- setup -->
        <test-method signature="vrifySearchWithInvalidProduct()[pri:2, instance:com.tutorialsninja.qa.testcases.Search@327514f]" started-at="2025-07-15T22:28:42 IST" name="vrifySearchWithInvalidProduct" finished-at="2025-07-15T22:28:42 IST" duration-ms="237" status="PASS">
          <reporter-output>
          </reporter-output>
        </test-method> <!-- vrifySearchWithInvalidProduct -->
        <test-method is-config="true" signature="tearDown()[pri:0, instance:com.tutorialsninja.qa.testcases.Search@327514f]" started-at="2025-07-15T22:28:42 IST" name="tearDown" finished-at="2025-07-15T22:28:42 IST" duration-ms="82" status="PASS">
          <reporter-output>
          </reporter-output>
        </test-method> <!-- tearDown -->
        <test-method is-config="true" signature="setup()[pri:0, instance:com.tutorialsninja.qa.testcases.Search@327514f]" started-at="2025-07-15T22:28:42 IST" name="setup" finished-at="2025-07-15T22:28:44 IST" duration-ms="1605" status="PASS">
          <reporter-output>
          </reporter-output>
        </test-method> <!-- setup -->
        <test-method signature="vrifySearchWitoutAnyProduct()[pri:3, instance:com.tutorialsninja.qa.testcases.Search@327514f]" started-at="2025-07-15T22:28:44 IST" name="vrifySearchWitoutAnyProduct" finished-at="2025-07-15T22:28:44 IST" duration-ms="178" status="PASS">
          <reporter-output>
          </reporter-output>
        </test-method> <!-- vrifySearchWitoutAnyProduct -->
        <test-method is-config="true" signature="tearDown()[pri:0, instance:com.tutorialsninja.qa.testcases.Search@327514f]" started-at="2025-07-15T22:28:44 IST" name="tearDown" finished-at="2025-07-15T22:28:44 IST" duration-ms="86" status="PASS">
          <reporter-output>
          </reporter-output>
        </test-method> <!-- tearDown -->
      </class> <!-- com.tutorialsninja.qa.testcases.Search -->
      <class name="com.tutorialsninja.qa.testcases.Register">
        <test-method is-config="true" signature="setup()[pri:0, instance:com.tutorialsninja.qa.testcases.Register@47eaca72]" started-at="2025-07-15T22:28:22 IST" name="setup" finished-at="2025-07-15T22:28:25 IST" duration-ms="3043" status="PASS">
          <reporter-output>
          </reporter-output>
        </test-method> <!-- setup -->
        <test-method signature="VerifyRegisteringAnAccountWithMandatoryFields()[pri:1, instance:com.tutorialsninja.qa.testcases.Register@47eaca72]" started-at="2025-07-15T22:28:25 IST" name="VerifyRegisteringAnAccountWithMandatoryFields" finished-at="2025-07-15T22:28:28 IST" duration-ms="3312" status="PASS">
          <reporter-output>
          </reporter-output>
        </test-method> <!-- VerifyRegisteringAnAccountWithMandatoryFields -->
        <test-method is-config="true" signature="tearDown()[pri:0, instance:com.tutorialsninja.qa.testcases.Register@47eaca72]" started-at="2025-07-15T22:28:28 IST" name="tearDown" finished-at="2025-07-15T22:28:28 IST" duration-ms="94" status="PASS">
          <reporter-output>
          </reporter-output>
        </test-method> <!-- tearDown -->
        <test-method is-config="true" signature="setup()[pri:0, instance:com.tutorialsninja.qa.testcases.Register@47eaca72]" started-at="2025-07-15T22:28:28 IST" name="setup" finished-at="2025-07-15T22:28:30 IST" duration-ms="1918" status="PASS">
          <reporter-output>
          </reporter-output>
        </test-method> <!-- setup -->
        <test-method signature="VerifyRegisteringAnAccountWithAllFields()[pri:2, instance:com.tutorialsninja.qa.testcases.Register@47eaca72]" started-at="2025-07-15T22:28:30 IST" name="VerifyRegisteringAnAccountWithAllFields" finished-at="2025-07-15T22:28:31 IST" duration-ms="873" status="PASS">
          <reporter-output>
          </reporter-output>
        </test-method> <!-- VerifyRegisteringAnAccountWithAllFields -->
        <test-method is-config="true" signature="tearDown()[pri:0, instance:com.tutorialsninja.qa.testcases.Register@47eaca72]" started-at="2025-07-15T22:28:31 IST" name="tearDown" finished-at="2025-07-15T22:28:31 IST" duration-ms="87" status="PASS">
          <reporter-output>
          </reporter-output>
        </test-method> <!-- tearDown -->
        <test-method is-config="true" signature="setup()[pri:0, instance:com.tutorialsninja.qa.testcases.Register@47eaca72]" started-at="2025-07-15T22:28:31 IST" name="setup" finished-at="2025-07-15T22:28:33 IST" duration-ms="1962" status="PASS">
          <reporter-output>
          </reporter-output>
        </test-method> <!-- setup -->
        <test-method signature="VerifyRegisteringAnAccountWithExistingEmailAddress()[pri:3, instance:com.tutorialsninja.qa.testcases.Register@47eaca72]" started-at="2025-07-15T22:28:33 IST" name="VerifyRegisteringAnAccountWithExistingEmailAddress" finished-at="2025-07-15T22:28:34 IST" duration-ms="744" status="PASS">
          <reporter-output>
          </reporter-output>
        </test-method> <!-- VerifyRegisteringAnAccountWithExistingEmailAddress -->
        <test-method is-config="true" signature="tearDown()[pri:0, instance:com.tutorialsninja.qa.testcases.Register@47eaca72]" started-at="2025-07-15T22:28:34 IST" name="tearDown" finished-at="2025-07-15T22:28:34 IST" duration-ms="86" status="PASS">
          <reporter-output>
          </reporter-output>
        </test-method> <!-- tearDown -->
        <test-method is-config="true" signature="setup()[pri:0, instance:com.tutorialsninja.qa.testcases.Register@47eaca72]" started-at="2025-07-15T22:28:34 IST" name="setup" finished-at="2025-07-15T22:28:37 IST" duration-ms="3390" status="PASS">
          <reporter-output>
          </reporter-output>
        </test-method> <!-- setup -->
        <test-method signature="VerifyRegisteringAnAccountWithoutFillingAnyDetails()[pri:4, instance:com.tutorialsninja.qa.testcases.Register@47eaca72]" started-at="2025-07-15T22:28:37 IST" name="VerifyRegisteringAnAccountWithoutFillingAnyDetails" finished-at="2025-07-15T22:28:38 IST" duration-ms="515" status="PASS">
          <reporter-output>
          </reporter-output>
        </test-method> <!-- VerifyRegisteringAnAccountWithoutFillingAnyDetails -->
        <test-method is-config="true" signature="tearDown()[pri:0, instance:com.tutorialsninja.qa.testcases.Register@47eaca72]" started-at="2025-07-15T22:28:38 IST" name="tearDown" finished-at="2025-07-15T22:28:38 IST" duration-ms="85" status="PASS">
          <reporter-output>
          </reporter-output>
        </test-method> <!-- tearDown -->
      </class> <!-- com.tutorialsninja.qa.testcases.Register -->
      <class name="com.tutorialsninja.qa.testcases.Login">
        <test-method is-config="true" signature="setup()[pri:0, instance:com.tutorialsninja.qa.testcases.Login@5b12b668]" started-at="2025-07-15T22:28:45 IST" name="setup" finished-at="2025-07-15T22:28:46 IST" duration-ms="1870" status="PASS">
          <reporter-output>
          </reporter-output>
        </test-method> <!-- setup -->
        <test-method signature="verifyLoginWithValidCredentials(java.lang.String,java.lang.String)[pri:1, instance:com.tutorialsninja.qa.testcases.Login@5b12b668]" started-at="2025-07-15T22:28:46 IST" name="verifyLoginWithValidCredentials" data-provider="validCredentials" finished-at="2025-07-15T22:28:48 IST" duration-ms="1768" status="PASS">
          <params>
            <param index="0">
              <value>
                <![CDATA[skbn1@gmail.com]]>
              </value>
            </param>
            <param index="1">
              <value>
                <![CDATA[12345]]>
              </value>
            </param>
          </params>
          <reporter-output>
          </reporter-output>
        </test-method> <!-- verifyLoginWithValidCredentials -->
        <test-method is-config="true" signature="tearDown()[pri:0, instance:com.tutorialsninja.qa.testcases.Login@5b12b668]" started-at="2025-07-15T22:28:48 IST" name="tearDown" finished-at="2025-07-15T22:28:48 IST" duration-ms="86" status="PASS">
          <reporter-output>
          </reporter-output>
        </test-method> <!-- tearDown -->
        <test-method is-config="true" signature="setup()[pri:0, instance:com.tutorialsninja.qa.testcases.Login@5b12b668]" started-at="2025-07-15T22:28:48 IST" name="setup" finished-at="2025-07-15T22:28:50 IST" duration-ms="1912" status="PASS">
          <reporter-output>
          </reporter-output>
        </test-method> <!-- setup -->
        <test-method signature="verifyLoginWithValidCredentials(java.lang.String,java.lang.String)[pri:1, instance:com.tutorialsninja.qa.testcases.Login@5b12b668]" started-at="2025-07-15T22:28:50 IST" name="verifyLoginWithValidCredentials" data-provider="validCredentials" finished-at="2025-07-15T22:28:51 IST" duration-ms="719" status="PASS">
          <params>
            <param index="0">
              <value>
                <![CDATA[skbn2@gmail.com]]>
              </value>
            </param>
            <param index="1">
              <value>
                <![CDATA[12345]]>
              </value>
            </param>
          </params>
          <reporter-output>
          </reporter-output>
        </test-method> <!-- verifyLoginWithValidCredentials -->
        <test-method is-config="true" signature="tearDown()[pri:0, instance:com.tutorialsninja.qa.testcases.Login@5b12b668]" started-at="2025-07-15T22:28:51 IST" name="tearDown" finished-at="2025-07-15T22:28:51 IST" duration-ms="87" status="PASS">
          <reporter-output>
          </reporter-output>
        </test-method> <!-- tearDown -->
        <test-method is-config="true" signature="setup()[pri:0, instance:com.tutorialsninja.qa.testcases.Login@5b12b668]" started-at="2025-07-15T22:28:51 IST" name="setup" finished-at="2025-07-15T22:28:53 IST" duration-ms="1888" status="PASS">
          <reporter-output>
          </reporter-output>
        </test-method> <!-- setup -->
        <test-method signature="verifyLoginWithValidCredentials(java.lang.String,java.lang.String)[pri:1, instance:com.tutorialsninja.qa.testcases.Login@5b12b668]" started-at="2025-07-15T22:28:53 IST" name="verifyLoginWithValidCredentials" data-provider="validCredentials" finished-at="2025-07-15T22:28:56 IST" duration-ms="2579" status="PASS">
          <params>
            <param index="0">
              <value>
                <![CDATA[skbn3@gmail.com]]>
              </value>
            </param>
            <param index="1">
              <value>
                <![CDATA[12345]]>
              </value>
            </param>
          </params>
          <reporter-output>
          </reporter-output>
        </test-method> <!-- verifyLoginWithValidCredentials -->
        <test-method is-config="true" signature="tearDown()[pri:0, instance:com.tutorialsninja.qa.testcases.Login@5b12b668]" started-at="2025-07-15T22:28:56 IST" name="tearDown" finished-at="2025-07-15T22:28:56 IST" duration-ms="81" status="PASS">
          <reporter-output>
          </reporter-output>
        </test-method> <!-- tearDown -->
        <test-method is-config="true" signature="setup()[pri:0, instance:com.tutorialsninja.qa.testcases.Login@5b12b668]" started-at="2025-07-15T22:28:56 IST" name="setup" finished-at="2025-07-15T22:28:58 IST" duration-ms="2232" status="PASS">
          <reporter-output>
          </reporter-output>
        </test-method> <!-- setup -->
        <test-method signature="verifyLoginWithInvalidCredentials()[pri:2, instance:com.tutorialsninja.qa.testcases.Login@5b12b668]" started-at="2025-07-15T22:28:58 IST" name="verifyLoginWithInvalidCredentials" finished-at="2025-07-15T22:29:00 IST" duration-ms="2612" status="PASS">
          <reporter-output>
          </reporter-output>
        </test-method> <!-- verifyLoginWithInvalidCredentials -->
        <test-method is-config="true" signature="tearDown()[pri:0, instance:com.tutorialsninja.qa.testcases.Login@5b12b668]" started-at="2025-07-15T22:29:00 IST" name="tearDown" finished-at="2025-07-15T22:29:01 IST" duration-ms="81" status="PASS">
          <reporter-output>
          </reporter-output>
        </test-method> <!-- tearDown -->
        <test-method is-config="true" signature="setup()[pri:0, instance:com.tutorialsninja.qa.testcases.Login@5b12b668]" started-at="2025-07-15T22:29:01 IST" name="setup" finished-at="2025-07-15T22:29:02 IST" duration-ms="1882" status="PASS">
          <reporter-output>
          </reporter-output>
        </test-method> <!-- setup -->
        <test-method signature="verifyLoginWithInvalidEmailAndValidPassword()[pri:3, instance:com.tutorialsninja.qa.testcases.Login@5b12b668]" started-at="2025-07-15T22:29:02 IST" name="verifyLoginWithInvalidEmailAndValidPassword" finished-at="2025-07-15T22:29:05 IST" duration-ms="3085" status="PASS">
          <reporter-output>
          </reporter-output>
        </test-method> <!-- verifyLoginWithInvalidEmailAndValidPassword -->
        <test-method is-config="true" signature="tearDown()[pri:0, instance:com.tutorialsninja.qa.testcases.Login@5b12b668]" started-at="2025-07-15T22:29:05 IST" name="tearDown" finished-at="2025-07-15T22:29:06 IST" duration-ms="84" status="PASS">
          <reporter-output>
          </reporter-output>
        </test-method> <!-- tearDown -->
        <test-method is-config="true" signature="setup()[pri:0, instance:com.tutorialsninja.qa.testcases.Login@5b12b668]" started-at="2025-07-15T22:29:06 IST" name="setup" finished-at="2025-07-15T22:29:07 IST" duration-ms="1865" status="PASS">
          <reporter-output>
          </reporter-output>
        </test-method> <!-- setup -->
        <test-method signature="verifyLoginWithValidEmailAndInalidPassword()[pri:4, instance:com.tutorialsninja.qa.testcases.Login@5b12b668]" started-at="2025-07-15T22:29:07 IST" name="verifyLoginWithValidEmailAndInalidPassword" finished-at="2025-07-15T22:29:08 IST" duration-ms="607" status="PASS">
          <reporter-output>
          </reporter-output>
        </test-method> <!-- verifyLoginWithValidEmailAndInalidPassword -->
        <test-method is-config="true" signature="tearDown()[pri:0, instance:com.tutorialsninja.qa.testcases.Login@5b12b668]" started-at="2025-07-15T22:29:08 IST" name="tearDown" finished-at="2025-07-15T22:29:08 IST" duration-ms="128" status="PASS">
          <reporter-output>
          </reporter-output>
        </test-method> <!-- tearDown -->
        <test-method is-config="true" signature="setup()[pri:0, instance:com.tutorialsninja.qa.testcases.Login@5b12b668]" started-at="2025-07-15T22:29:08 IST" name="setup" finished-at="2025-07-15T22:29:10 IST" duration-ms="1879" status="PASS">
          <reporter-output>
          </reporter-output>
        </test-method> <!-- setup -->
        <test-method signature="verifyLoginWithoutProvidingCredentials()[pri:5, instance:com.tutorialsninja.qa.testcases.Login@5b12b668]" started-at="2025-07-15T22:29:10 IST" name="verifyLoginWithoutProvidingCredentials" finished-at="2025-07-15T22:29:13 IST" duration-ms="2845" status="PASS">
          <reporter-output>
          </reporter-output>
        </test-method> <!-- verifyLoginWithoutProvidingCredentials -->
        <test-method is-config="true" signature="tearDown()[pri:0, instance:com.tutorialsninja.qa.testcases.Login@5b12b668]" started-at="2025-07-15T22:29:13 IST" name="tearDown" finished-at="2025-07-15T22:29:13 IST" duration-ms="84" status="PASS">
          <reporter-output>
          </reporter-output>
        </test-method> <!-- tearDown -->
      </class> <!-- com.tutorialsninja.qa.testcases.Login -->
    </test> <!-- Test -->
  </suite> <!-- Suite -->
</testng-results>
