<?xml version="1.0" encoding="UTF-8"?>
<testng-results ignored="0" total="14" passed="13" failed="1" skipped="0">
  <reporter-output>
  </reporter-output>
  <suite started-at="2025-07-20T02:12:09 IST" name="Suite" finished-at="2025-07-20T02:12:49 IST" duration-ms="40268">
    <groups>
    </groups>
    <test started-at="2025-07-20T02:12:09 IST" name="Test" finished-at="2025-07-20T02:12:49 IST" duration-ms="40268">
      <class name="com.tutorialsninja.qa.testcases.Search">
        <test-method is-config="true" signature="setup()[pri:0, instance:com.tutorialsninja.qa.testcases.Search@dd05255]" started-at="2025-07-20T02:12:24 IST" name="setup" finished-at="2025-07-20T02:12:26 IST" duration-ms="1662" status="PASS">
          <reporter-output>
          </reporter-output>
        </test-method> <!-- setup -->
        <test-method signature="verifySearchWithValidProduct()[pri:1, instance:com.tutorialsninja.qa.testcases.Search@dd05255]" started-at="2025-07-20T02:12:26 IST" name="verifySearchWithValidProduct" finished-at="2025-07-20T02:12:26 IST" duration-ms="286" status="PASS">
          <reporter-output>
          </reporter-output>
        </test-method> <!-- verifySearchWithValidProduct -->
        <test-method is-config="true" signature="tearDown()[pri:0, instance:com.tutorialsninja.qa.testcases.Search@dd05255]" started-at="2025-07-20T02:12:26 IST" name="tearDown" finished-at="2025-07-20T02:12:26 IST" duration-ms="85" status="PASS">
          <reporter-output>
          </reporter-output>
        </test-method> <!-- tearDown -->
        <test-method is-config="true" signature="setup()[pri:0, instance:com.tutorialsninja.qa.testcases.Search@dd05255]" started-at="2025-07-20T02:12:26 IST" name="setup" finished-at="2025-07-20T02:12:28 IST" duration-ms="1666" status="PASS">
          <reporter-output>
          </reporter-output>
        </test-method> <!-- setup -->
        <test-method signature="vrifySearchWithInvalidProduct()[pri:2, instance:com.tutorialsninja.qa.testcases.Search@dd05255]" started-at="2025-07-20T02:12:28 IST" name="vrifySearchWithInvalidProduct" finished-at="2025-07-20T02:12:28 IST" duration-ms="225" status="PASS">
          <reporter-output>
          </reporter-output>
        </test-method> <!-- vrifySearchWithInvalidProduct -->
        <test-method is-config="true" signature="tearDown()[pri:0, instance:com.tutorialsninja.qa.testcases.Search@dd05255]" started-at="2025-07-20T02:12:28 IST" name="tearDown" finished-at="2025-07-20T02:12:28 IST" duration-ms="81" status="PASS">
          <reporter-output>
          </reporter-output>
        </test-method> <!-- tearDown -->
        <test-method is-config="true" signature="setup()[pri:0, instance:com.tutorialsninja.qa.testcases.Search@dd05255]" started-at="2025-07-20T02:12:28 IST" name="setup" finished-at="2025-07-20T02:12:30 IST" duration-ms="1680" status="PASS">
          <reporter-output>
          </reporter-output>
        </test-method> <!-- setup -->
        <test-method signature="vrifySearchWitoutAnyProduct()[pri:3, instance:com.tutorialsninja.qa.testcases.Search@dd05255]" started-at="2025-07-20T02:12:30 IST" name="vrifySearchWitoutAnyProduct" finished-at="2025-07-20T02:12:30 IST" duration-ms="182" status="FAIL">
          <exception class="java.lang.AssertionError">
            <message>
              <![CDATA[Message is not being displayed expected [null] but found [There is no product that matches the search criteria.]]]>
            </message>
            <full-stacktrace>
              <![CDATA[java.lang.AssertionError: Message is not being displayed expected [null] but found [There is no product that matches the search criteria.]
at org.testng.Assert.fail(Assert.java:111)
at org.testng.Assert.failNotEquals(Assert.java:1590)
at org.testng.Assert.assertEqualsImpl(Assert.java:150)
at org.testng.Assert.assertEquals(Assert.java:132)
at org.testng.Assert.assertEquals(Assert.java:656)
at com.tutorialsninja.qa.testcases.Search.vrifySearchWitoutAnyProduct(Search.java:70)
at java.base/jdk.internal.reflect.DirectMethodHandleAccessor.invoke(DirectMethodHandleAccessor.java:103)
at java.base/java.lang.reflect.Method.invoke(Method.java:580)
at org.testng.internal.invokers.MethodInvocationHelper.invokeMethod(MethodInvocationHelper.java:141)
at org.testng.internal.invokers.TestInvoker.invokeMethod(TestInvoker.java:687)
at org.testng.internal.invokers.TestInvoker.invokeTestMethod(TestInvoker.java:230)
at org.testng.internal.invokers.MethodRunner.runInSequence(MethodRunner.java:63)
at org.testng.internal.invokers.TestInvoker$MethodInvocationAgent.invoke(TestInvoker.java:995)
at org.testng.internal.invokers.TestInvoker.invokeTestMethods(TestInvoker.java:203)
at org.testng.internal.invokers.TestMethodWorker.invokeTestMethods(TestMethodWorker.java:154)
at org.testng.internal.invokers.TestMethodWorker.run(TestMethodWorker.java:134)
at java.base/java.util.ArrayList.forEach(ArrayList.java:1596)
at org.testng.TestRunner.privateRun(TestRunner.java:741)
at org.testng.TestRunner.run(TestRunner.java:616)
at org.testng.SuiteRunner.runTest(SuiteRunner.java:421)
at org.testng.SuiteRunner.runSequentially(SuiteRunner.java:413)
at org.testng.SuiteRunner.privateRun(SuiteRunner.java:373)
at org.testng.SuiteRunner.run(SuiteRunner.java:312)
at org.testng.SuiteRunnerWorker.runSuite(SuiteRunnerWorker.java:52)
at org.testng.SuiteRunnerWorker.run(SuiteRunnerWorker.java:95)
at org.testng.TestNG.runSuitesSequentially(TestNG.java:1274)
at org.testng.TestNG.runSuitesLocally(TestNG.java:1208)
at org.testng.TestNG.runSuites(TestNG.java:1112)
at org.testng.TestNG.run(TestNG.java:1079)
at org.testng.remote.AbstractRemoteTestNG.run(AbstractRemoteTestNG.java:115)
at org.testng.remote.RemoteTestNG.initAndRun(RemoteTestNG.java:293)
at org.testng.remote.RemoteTestNG.main(RemoteTestNG.java:91)
]]>
            </full-stacktrace>
          </exception> <!-- java.lang.AssertionError -->
          <reporter-output>
          </reporter-output>
        </test-method> <!-- vrifySearchWitoutAnyProduct -->
        <test-method is-config="true" signature="tearDown()[pri:0, instance:com.tutorialsninja.qa.testcases.Search@dd05255]" started-at="2025-07-20T02:12:30 IST" name="tearDown" finished-at="2025-07-20T02:12:30 IST" duration-ms="81" status="PASS">
          <reporter-output>
          </reporter-output>
        </test-method> <!-- tearDown -->
      </class> <!-- com.tutorialsninja.qa.testcases.Search -->
      <class name="com.tutorialsninja.qa.testcases.Register">
        <test-method is-config="true" signature="setup()[pri:0, instance:com.tutorialsninja.qa.testcases.Register@7b98f307]" started-at="2025-07-20T02:12:09 IST" name="setup" finished-at="2025-07-20T02:12:12 IST" duration-ms="3242" status="PASS">
          <reporter-output>
          </reporter-output>
        </test-method> <!-- setup -->
        <test-method signature="VerifyRegisteringAnAccountWithMandatoryFields()[pri:1, instance:com.tutorialsninja.qa.testcases.Register@7b98f307]" started-at="2025-07-20T02:12:12 IST" name="VerifyRegisteringAnAccountWithMandatoryFields" finished-at="2025-07-20T02:12:16 IST" duration-ms="3697" status="PASS">
          <reporter-output>
          </reporter-output>
        </test-method> <!-- VerifyRegisteringAnAccountWithMandatoryFields -->
        <test-method is-config="true" signature="tearDown()[pri:0, instance:com.tutorialsninja.qa.testcases.Register@7b98f307]" started-at="2025-07-20T02:12:16 IST" name="tearDown" finished-at="2025-07-20T02:12:16 IST" duration-ms="102" status="PASS">
          <reporter-output>
          </reporter-output>
        </test-method> <!-- tearDown -->
        <test-method is-config="true" signature="setup()[pri:0, instance:com.tutorialsninja.qa.testcases.Register@7b98f307]" started-at="2025-07-20T02:12:16 IST" name="setup" finished-at="2025-07-20T02:12:18 IST" duration-ms="1968" status="PASS">
          <reporter-output>
          </reporter-output>
        </test-method> <!-- setup -->
        <test-method signature="VerifyRegisteringAnAccountWithAllFields()[pri:2, instance:com.tutorialsninja.qa.testcases.Register@7b98f307]" started-at="2025-07-20T02:12:18 IST" name="VerifyRegisteringAnAccountWithAllFields" finished-at="2025-07-20T02:12:19 IST" duration-ms="839" status="PASS">
          <reporter-output>
          </reporter-output>
        </test-method> <!-- VerifyRegisteringAnAccountWithAllFields -->
        <test-method is-config="true" signature="tearDown()[pri:0, instance:com.tutorialsninja.qa.testcases.Register@7b98f307]" started-at="2025-07-20T02:12:19 IST" name="tearDown" finished-at="2025-07-20T02:12:19 IST" duration-ms="86" status="PASS">
          <reporter-output>
          </reporter-output>
        </test-method> <!-- tearDown -->
        <test-method is-config="true" signature="setup()[pri:0, instance:com.tutorialsninja.qa.testcases.Register@7b98f307]" started-at="2025-07-20T02:12:19 IST" name="setup" finished-at="2025-07-20T02:12:21 IST" duration-ms="1976" status="PASS">
          <reporter-output>
          </reporter-output>
        </test-method> <!-- setup -->
        <test-method signature="VerifyRegisteringAnAccountWithExistingEmailAddress()[pri:3, instance:com.tutorialsninja.qa.testcases.Register@7b98f307]" started-at="2025-07-20T02:12:21 IST" name="VerifyRegisteringAnAccountWithExistingEmailAddress" finished-at="2025-07-20T02:12:21 IST" duration-ms="585" status="PASS">
          <reporter-output>
          </reporter-output>
        </test-method> <!-- VerifyRegisteringAnAccountWithExistingEmailAddress -->
        <test-method is-config="true" signature="tearDown()[pri:0, instance:com.tutorialsninja.qa.testcases.Register@7b98f307]" started-at="2025-07-20T02:12:21 IST" name="tearDown" finished-at="2025-07-20T02:12:21 IST" duration-ms="82" status="PASS">
          <reporter-output>
          </reporter-output>
        </test-method> <!-- tearDown -->
        <test-method is-config="true" signature="setup()[pri:0, instance:com.tutorialsninja.qa.testcases.Register@7b98f307]" started-at="2025-07-20T02:12:21 IST" name="setup" finished-at="2025-07-20T02:12:23 IST" duration-ms="2004" status="PASS">
          <reporter-output>
          </reporter-output>
        </test-method> <!-- setup -->
        <test-method signature="VerifyRegisteringAnAccountWithoutFillingAnyDetails()[pri:4, instance:com.tutorialsninja.qa.testcases.Register@7b98f307]" started-at="2025-07-20T02:12:23 IST" name="VerifyRegisteringAnAccountWithoutFillingAnyDetails" finished-at="2025-07-20T02:12:24 IST" duration-ms="403" status="PASS">
          <reporter-output>
          </reporter-output>
        </test-method> <!-- VerifyRegisteringAnAccountWithoutFillingAnyDetails -->
        <test-method is-config="true" signature="tearDown()[pri:0, instance:com.tutorialsninja.qa.testcases.Register@7b98f307]" started-at="2025-07-20T02:12:24 IST" name="tearDown" finished-at="2025-07-20T02:12:24 IST" duration-ms="82" status="PASS">
          <reporter-output>
          </reporter-output>
        </test-method> <!-- tearDown -->
      </class> <!-- com.tutorialsninja.qa.testcases.Register -->
      <class name="com.tutorialsninja.qa.testcases.Login">
        <test-method is-config="true" signature="setup()[pri:0, instance:com.tutorialsninja.qa.testcases.Login@6a78afa0]" started-at="2025-07-20T02:12:30 IST" name="setup" finished-at="2025-07-20T02:12:32 IST" duration-ms="1929" status="PASS">
          <reporter-output>
          </reporter-output>
        </test-method> <!-- setup -->
        <test-method signature="verifyLoginWithValidCredentials(java.lang.String,java.lang.String)[pri:1, instance:com.tutorialsninja.qa.testcases.Login@6a78afa0]" started-at="2025-07-20T02:12:32 IST" name="verifyLoginWithValidCredentials" data-provider="validCredentials" finished-at="2025-07-20T02:12:33 IST" duration-ms="664" status="PASS">
          <params>
            <param index="0">
              <value>
                <![CDATA[skbn1@gmail.com]]>
              </value>
            </param>
            <param index="1">
              <value>
                <![CDATA[12345]]>
              </value>
            </param>
          </params>
          <reporter-output>
          </reporter-output>
        </test-method> <!-- verifyLoginWithValidCredentials -->
        <test-method is-config="true" signature="tearDown()[pri:0, instance:com.tutorialsninja.qa.testcases.Login@6a78afa0]" started-at="2025-07-20T02:12:33 IST" name="tearDown" finished-at="2025-07-20T02:12:33 IST" duration-ms="87" status="PASS">
          <reporter-output>
          </reporter-output>
        </test-method> <!-- tearDown -->
        <test-method is-config="true" signature="setup()[pri:0, instance:com.tutorialsninja.qa.testcases.Login@6a78afa0]" started-at="2025-07-20T02:12:33 IST" name="setup" finished-at="2025-07-20T02:12:35 IST" duration-ms="1931" status="PASS">
          <reporter-output>
          </reporter-output>
        </test-method> <!-- setup -->
        <test-method signature="verifyLoginWithValidCredentials(java.lang.String,java.lang.String)[pri:1, instance:com.tutorialsninja.qa.testcases.Login@6a78afa0]" started-at="2025-07-20T02:12:35 IST" name="verifyLoginWithValidCredentials" data-provider="validCredentials" finished-at="2025-07-20T02:12:36 IST" duration-ms="713" status="PASS">
          <params>
            <param index="0">
              <value>
                <![CDATA[skbn2@gmail.com]]>
              </value>
            </param>
            <param index="1">
              <value>
                <![CDATA[12345]]>
              </value>
            </param>
          </params>
          <reporter-output>
          </reporter-output>
        </test-method> <!-- verifyLoginWithValidCredentials -->
        <test-method is-config="true" signature="tearDown()[pri:0, instance:com.tutorialsninja.qa.testcases.Login@6a78afa0]" started-at="2025-07-20T02:12:36 IST" name="tearDown" finished-at="2025-07-20T02:12:36 IST" duration-ms="87" status="PASS">
          <reporter-output>
          </reporter-output>
        </test-method> <!-- tearDown -->
        <test-method is-config="true" signature="setup()[pri:0, instance:com.tutorialsninja.qa.testcases.Login@6a78afa0]" started-at="2025-07-20T02:12:36 IST" name="setup" finished-at="2025-07-20T02:12:38 IST" duration-ms="1980" status="PASS">
          <reporter-output>
          </reporter-output>
        </test-method> <!-- setup -->
        <test-method signature="verifyLoginWithValidCredentials(java.lang.String,java.lang.String)[pri:1, instance:com.tutorialsninja.qa.testcases.Login@6a78afa0]" started-at="2025-07-20T02:12:38 IST" name="verifyLoginWithValidCredentials" data-provider="validCredentials" finished-at="2025-07-20T02:12:38 IST" duration-ms="657" status="PASS">
          <params>
            <param index="0">
              <value>
                <![CDATA[skbn3@gmail.com]]>
              </value>
            </param>
            <param index="1">
              <value>
                <![CDATA[12345]]>
              </value>
            </param>
          </params>
          <reporter-output>
          </reporter-output>
        </test-method> <!-- verifyLoginWithValidCredentials -->
        <test-method is-config="true" signature="tearDown()[pri:0, instance:com.tutorialsninja.qa.testcases.Login@6a78afa0]" started-at="2025-07-20T02:12:38 IST" name="tearDown" finished-at="2025-07-20T02:12:38 IST" duration-ms="85" status="PASS">
          <reporter-output>
          </reporter-output>
        </test-method> <!-- tearDown -->
        <test-method is-config="true" signature="setup()[pri:0, instance:com.tutorialsninja.qa.testcases.Login@6a78afa0]" started-at="2025-07-20T02:12:38 IST" name="setup" finished-at="2025-07-20T02:12:40 IST" duration-ms="1907" status="PASS">
          <reporter-output>
          </reporter-output>
        </test-method> <!-- setup -->
        <test-method signature="verifyLoginWithInvalidCredentials()[pri:2, instance:com.tutorialsninja.qa.testcases.Login@6a78afa0]" started-at="2025-07-20T02:12:40 IST" name="verifyLoginWithInvalidCredentials" finished-at="2025-07-20T02:12:41 IST" duration-ms="651" status="PASS">
          <reporter-output>
          </reporter-output>
        </test-method> <!-- verifyLoginWithInvalidCredentials -->
        <test-method is-config="true" signature="tearDown()[pri:0, instance:com.tutorialsninja.qa.testcases.Login@6a78afa0]" started-at="2025-07-20T02:12:41 IST" name="tearDown" finished-at="2025-07-20T02:12:41 IST" duration-ms="88" status="PASS">
          <reporter-output>
          </reporter-output>
        </test-method> <!-- tearDown -->
        <test-method is-config="true" signature="setup()[pri:0, instance:com.tutorialsninja.qa.testcases.Login@6a78afa0]" started-at="2025-07-20T02:12:41 IST" name="setup" finished-at="2025-07-20T02:12:43 IST" duration-ms="1903" status="PASS">
          <reporter-output>
          </reporter-output>
        </test-method> <!-- setup -->
        <test-method signature="verifyLoginWithInvalidEmailAndValidPassword()[pri:3, instance:com.tutorialsninja.qa.testcases.Login@6a78afa0]" started-at="2025-07-20T02:12:43 IST" name="verifyLoginWithInvalidEmailAndValidPassword" finished-at="2025-07-20T02:12:44 IST" duration-ms="684" status="PASS">
          <reporter-output>
          </reporter-output>
        </test-method> <!-- verifyLoginWithInvalidEmailAndValidPassword -->
        <test-method is-config="true" signature="tearDown()[pri:0, instance:com.tutorialsninja.qa.testcases.Login@6a78afa0]" started-at="2025-07-20T02:12:44 IST" name="tearDown" finished-at="2025-07-20T02:12:44 IST" duration-ms="95" status="PASS">
          <reporter-output>
          </reporter-output>
        </test-method> <!-- tearDown -->
        <test-method is-config="true" signature="setup()[pri:0, instance:com.tutorialsninja.qa.testcases.Login@6a78afa0]" started-at="2025-07-20T02:12:44 IST" name="setup" finished-at="2025-07-20T02:12:46 IST" duration-ms="1897" status="PASS">
          <reporter-output>
          </reporter-output>
        </test-method> <!-- setup -->
        <test-method signature="verifyLoginWithValidEmailAndInalidPassword()[pri:4, instance:com.tutorialsninja.qa.testcases.Login@6a78afa0]" started-at="2025-07-20T02:12:46 IST" name="verifyLoginWithValidEmailAndInalidPassword" finished-at="2025-07-20T02:12:46 IST" duration-ms="745" status="PASS">
          <reporter-output>
          </reporter-output>
        </test-method> <!-- verifyLoginWithValidEmailAndInalidPassword -->
        <test-method is-config="true" signature="tearDown()[pri:0, instance:com.tutorialsninja.qa.testcases.Login@6a78afa0]" started-at="2025-07-20T02:12:46 IST" name="tearDown" finished-at="2025-07-20T02:12:46 IST" duration-ms="87" status="PASS">
          <reporter-output>
          </reporter-output>
        </test-method> <!-- tearDown -->
        <test-method is-config="true" signature="setup()[pri:0, instance:com.tutorialsninja.qa.testcases.Login@6a78afa0]" started-at="2025-07-20T02:12:46 IST" name="setup" finished-at="2025-07-20T02:12:48 IST" duration-ms="1899" status="PASS">
          <reporter-output>
          </reporter-output>
        </test-method> <!-- setup -->
        <test-method signature="verifyLoginWithoutProvidingCredentials()[pri:5, instance:com.tutorialsninja.qa.testcases.Login@6a78afa0]" started-at="2025-07-20T02:12:48 IST" name="verifyLoginWithoutProvidingCredentials" finished-at="2025-07-20T02:12:49 IST" duration-ms="574" status="PASS">
          <reporter-output>
          </reporter-output>
        </test-method> <!-- verifyLoginWithoutProvidingCredentials -->
        <test-method is-config="true" signature="tearDown()[pri:0, instance:com.tutorialsninja.qa.testcases.Login@6a78afa0]" started-at="2025-07-20T02:12:49 IST" name="tearDown" finished-at="2025-07-20T02:12:49 IST" duration-ms="86" status="PASS">
          <reporter-output>
          </reporter-output>
        </test-method> <!-- tearDown -->
      </class> <!-- com.tutorialsninja.qa.testcases.Login -->
    </test> <!-- Test -->
  </suite> <!-- Suite -->
</testng-results>
